[2016-11-17 09:57:43.755] [INFO] app - ::1 - - "OPTIONS /v1/public/getUserMenu HTTP/1.1" 204 - "http://localhost:8080/" "Mozilla/5.0 (Windows NT 10.0; WOW64) AppleWebKit/537.36 (KHTML, like Gecko) Chrome/53.0.2785.104 Safari/537.36 Core/1.53.1708.400 QQBrowser/9.5.9635.400"
[2016-11-17 09:57:44.082] [ERROR] app - ::1 - - "GET /v1/public/getUserMenu HTTP/1.1" 401 48 "http://localhost:8080/" "Mozilla/5.0 (Windows NT 10.0; WOW64) AppleWebKit/537.36 (KHTML, like Gecko) Chrome/53.0.2785.104 Safari/537.36 Core/1.53.1708.400 QQBrowser/9.5.9635.400"
[2016-11-17 09:59:35.969] [INFO] app - ::1 - - "OPTIONS /v1/user/login HTTP/1.1" 204 - "http://localhost:8080/login" "Mozilla/5.0 (Windows NT 10.0; WOW64) AppleWebKit/537.36 (KHTML, like Gecko) Chrome/53.0.2785.104 Safari/537.36 Core/1.53.1708.400 QQBrowser/9.5.9635.400"
[2016-11-17 10:00:25.684] [INFO] app - ::1 - - "POST /v1/user/login HTTP/1.1" 200 51 "http://localhost:8080/login" "Mozilla/5.0 (Windows NT 10.0; WOW64) AppleWebKit/537.36 (KHTML, like Gecko) Chrome/53.0.2785.104 Safari/537.36 Core/1.53.1708.400 QQBrowser/9.5.9635.400"
[2016-11-17 10:00:25.788] [INFO] app - ::1 - - "OPTIONS /v1/public/getUserMenu HTTP/1.1" 204 - "http://localhost:8080/" "Mozilla/5.0 (Windows NT 10.0; WOW64) AppleWebKit/537.36 (KHTML, like Gecko) Chrome/53.0.2785.104 Safari/537.36 Core/1.53.1708.400 QQBrowser/9.5.9635.400"
[2016-11-17 10:00:25.825] [INFO] app - ::1 - - "GET /v1/public/getUserMenu HTTP/1.1" 200 - "http://localhost:8080/" "Mozilla/5.0 (Windows NT 10.0; WOW64) AppleWebKit/537.36 (KHTML, like Gecko) Chrome/53.0.2785.104 Safari/537.36 Core/1.53.1708.400 QQBrowser/9.5.9635.400"
[2016-11-17 10:00:29.809] [INFO] app - ::1 - - "OPTIONS /v1/company/list?offset=0&limit=20 HTTP/1.1" 204 - "http://localhost:8080/company" "Mozilla/5.0 (Windows NT 10.0; WOW64) AppleWebKit/537.36 (KHTML, like Gecko) Chrome/53.0.2785.104 Safari/537.36 Core/1.53.1708.400 QQBrowser/9.5.9635.400"
[2016-11-17 10:00:29.823] [INFO] app - ::1 - - "OPTIONS /v1/company/list?offset=0&limit=20 HTTP/1.1" 204 - "http://localhost:8080/company" "Mozilla/5.0 (Windows NT 10.0; WOW64) AppleWebKit/537.36 (KHTML, like Gecko) Chrome/53.0.2785.104 Safari/537.36 Core/1.53.1708.400 QQBrowser/9.5.9635.400"
[2016-11-17 10:00:29.862] [INFO] app - ::1 - - "GET /v1/company/list?offset=0&limit=20 HTTP/1.1" 200 162 "http://localhost:8080/company" "Mozilla/5.0 (Windows NT 10.0; WOW64) AppleWebKit/537.36 (KHTML, like Gecko) Chrome/53.0.2785.104 Safari/537.36 Core/1.53.1708.400 QQBrowser/9.5.9635.400"
[2016-11-17 10:00:29.876] [INFO] app - ::1 - - "GET /v1/company/list?offset=0&limit=20 HTTP/1.1" 200 162 "http://localhost:8080/company" "Mozilla/5.0 (Windows NT 10.0; WOW64) AppleWebKit/537.36 (KHTML, like Gecko) Chrome/53.0.2785.104 Safari/537.36 Core/1.53.1708.400 QQBrowser/9.5.9635.400"
[2016-11-17 10:00:31.669] [INFO] app - ::1 - - "OPTIONS /v1/public/findDepartment HTTP/1.1" 204 - "http://localhost:8080/company/departmentList" "Mozilla/5.0 (Windows NT 10.0; WOW64) AppleWebKit/537.36 (KHTML, like Gecko) Chrome/53.0.2785.104 Safari/537.36 Core/1.53.1708.400 QQBrowser/9.5.9635.400"
[2016-11-17 10:00:31.749] [INFO] app - ::1 - - "GET /v1/public/findDepartment HTTP/1.1" 200 242 "http://localhost:8080/company/departmentList" "Mozilla/5.0 (Windows NT 10.0; WOW64) AppleWebKit/537.36 (KHTML, like Gecko) Chrome/53.0.2785.104 Safari/537.36 Core/1.53.1708.400 QQBrowser/9.5.9635.400"
[2016-11-17 10:00:36.580] [INFO] app - ::1 - - "OPTIONS /v1/public/getUserMenu HTTP/1.1" 204 - "http://localhost:8080/company/departmentList" "Mozilla/5.0 (Windows NT 10.0; WOW64) AppleWebKit/537.36 (KHTML, like Gecko) Chrome/53.0.2785.104 Safari/537.36 Core/1.53.1708.400 QQBrowser/9.5.9635.400"
[2016-11-17 10:00:36.598] [INFO] app - ::1 - - "GET /v1/public/findDepartment HTTP/1.1" 200 242 "http://localhost:8080/company/departmentList" "Mozilla/5.0 (Windows NT 10.0; WOW64) AppleWebKit/537.36 (KHTML, like Gecko) Chrome/53.0.2785.104 Safari/537.36 Core/1.53.1708.400 QQBrowser/9.5.9635.400"
[2016-11-17 10:00:36.680] [INFO] app - ::1 - - "GET /v1/public/getUserMenu HTTP/1.1" 200 - "http://localhost:8080/company/departmentList" "Mozilla/5.0 (Windows NT 10.0; WOW64) AppleWebKit/537.36 (KHTML, like Gecko) Chrome/53.0.2785.104 Safari/537.36 Core/1.53.1708.400 QQBrowser/9.5.9635.400"
[2016-11-17 10:08:09.626] [INFO] app - ::1 - - "OPTIONS /v1/public/getUserMenu HTTP/1.1" 204 - "http://localhost:8080/company/departmentList" "Mozilla/5.0 (Windows NT 10.0; WOW64) AppleWebKit/537.36 (KHTML, like Gecko) Chrome/53.0.2785.104 Safari/537.36 Core/1.53.1708.400 QQBrowser/9.5.9635.400"
[2016-11-17 10:08:09.655] [INFO] app - ::1 - - "OPTIONS /v1/public/findDepartment HTTP/1.1" 204 - "http://localhost:8080/company/departmentList" "Mozilla/5.0 (Windows NT 10.0; WOW64) AppleWebKit/537.36 (KHTML, like Gecko) Chrome/53.0.2785.104 Safari/537.36 Core/1.53.1708.400 QQBrowser/9.5.9635.400"
[2016-11-17 10:08:09.772] [INFO] app - ::1 - - "GET /v1/public/getUserMenu HTTP/1.1" 200 - "http://localhost:8080/company/departmentList" "Mozilla/5.0 (Windows NT 10.0; WOW64) AppleWebKit/537.36 (KHTML, like Gecko) Chrome/53.0.2785.104 Safari/537.36 Core/1.53.1708.400 QQBrowser/9.5.9635.400"
[2016-11-17 10:08:09.791] [INFO] app - ::1 - - "GET /v1/public/findDepartment HTTP/1.1" 200 242 "http://localhost:8080/company/departmentList" "Mozilla/5.0 (Windows NT 10.0; WOW64) AppleWebKit/537.36 (KHTML, like Gecko) Chrome/53.0.2785.104 Safari/537.36 Core/1.53.1708.400 QQBrowser/9.5.9635.400"
[2016-11-17 10:08:21.380] [INFO] app - ::1 - - "OPTIONS /v1/company/list?offset=0&limit=20 HTTP/1.1" 204 - "http://localhost:8080/company" "Mozilla/5.0 (Windows NT 10.0; WOW64) AppleWebKit/537.36 (KHTML, like Gecko) Chrome/53.0.2785.104 Safari/537.36 Core/1.53.1708.400 QQBrowser/9.5.9635.400"
[2016-11-17 10:08:21.404] [INFO] app - ::1 - - "OPTIONS /v1/company/list?offset=0&limit=20 HTTP/1.1" 204 - "http://localhost:8080/company" "Mozilla/5.0 (Windows NT 10.0; WOW64) AppleWebKit/537.36 (KHTML, like Gecko) Chrome/53.0.2785.104 Safari/537.36 Core/1.53.1708.400 QQBrowser/9.5.9635.400"
[2016-11-17 10:08:21.474] [INFO] app - ::1 - - "GET /v1/company/list?offset=0&limit=20 HTTP/1.1" 200 162 "http://localhost:8080/company" "Mozilla/5.0 (Windows NT 10.0; WOW64) AppleWebKit/537.36 (KHTML, like Gecko) Chrome/53.0.2785.104 Safari/537.36 Core/1.53.1708.400 QQBrowser/9.5.9635.400"
[2016-11-17 10:08:21.495] [INFO] app - ::1 - - "GET /v1/company/list?offset=0&limit=20 HTTP/1.1" 200 162 "http://localhost:8080/company" "Mozilla/5.0 (Windows NT 10.0; WOW64) AppleWebKit/537.36 (KHTML, like Gecko) Chrome/53.0.2785.104 Safari/537.36 Core/1.53.1708.400 QQBrowser/9.5.9635.400"
[2016-11-17 10:13:58.281] [INFO] app - ::1 - - "OPTIONS /v1/public/getUserMenu HTTP/1.1" 204 - "http://localhost:8080/" "Mozilla/5.0 (Windows NT 10.0; WOW64) AppleWebKit/537.36 (KHTML, like Gecko) Chrome/53.0.2785.104 Safari/537.36 Core/1.53.1708.400 QQBrowser/9.5.9635.400"
[2016-11-17 10:13:58.344] [INFO] app - ::1 - - "GET /v1/public/getUserMenu HTTP/1.1" 200 - "http://localhost:8080/" "Mozilla/5.0 (Windows NT 10.0; WOW64) AppleWebKit/537.36 (KHTML, like Gecko) Chrome/53.0.2785.104 Safari/537.36 Core/1.53.1708.400 QQBrowser/9.5.9635.400"
[2016-11-17 10:14:04.726] [INFO] app - ::1 - - "OPTIONS /v1/public/getUserMenu HTTP/1.1" 204 - "http://localhost:8080/company" "Mozilla/5.0 (Windows NT 10.0; WOW64) AppleWebKit/537.36 (KHTML, like Gecko) Chrome/53.0.2785.104 Safari/537.36 Core/1.53.1708.400 QQBrowser/9.5.9635.400"
[2016-11-17 10:14:04.818] [INFO] app - ::1 - - "OPTIONS /v1/company/list?offset=0&limit=20 HTTP/1.1" 204 - "http://localhost:8080/company" "Mozilla/5.0 (Windows NT 10.0; WOW64) AppleWebKit/537.36 (KHTML, like Gecko) Chrome/53.0.2785.104 Safari/537.36 Core/1.53.1708.400 QQBrowser/9.5.9635.400"
[2016-11-17 10:14:04.828] [INFO] app - ::1 - - "OPTIONS /v1/company/list?offset=0&limit=20 HTTP/1.1" 204 - "http://localhost:8080/company" "Mozilla/5.0 (Windows NT 10.0; WOW64) AppleWebKit/537.36 (KHTML, like Gecko) Chrome/53.0.2785.104 Safari/537.36 Core/1.53.1708.400 QQBrowser/9.5.9635.400"
[2016-11-17 10:14:04.846] [INFO] app - ::1 - - "GET /v1/public/getUserMenu HTTP/1.1" 200 - "http://localhost:8080/company" "Mozilla/5.0 (Windows NT 10.0; WOW64) AppleWebKit/537.36 (KHTML, like Gecko) Chrome/53.0.2785.104 Safari/537.36 Core/1.53.1708.400 QQBrowser/9.5.9635.400"
[2016-11-17 10:14:04.855] [INFO] app - ::1 - - "GET /v1/company/list?offset=0&limit=20 HTTP/1.1" 200 162 "http://localhost:8080/company" "Mozilla/5.0 (Windows NT 10.0; WOW64) AppleWebKit/537.36 (KHTML, like Gecko) Chrome/53.0.2785.104 Safari/537.36 Core/1.53.1708.400 QQBrowser/9.5.9635.400"
[2016-11-17 10:14:04.855] [INFO] app - ::1 - - "GET /v1/company/list?offset=0&limit=20 HTTP/1.1" 200 162 "http://localhost:8080/company" "Mozilla/5.0 (Windows NT 10.0; WOW64) AppleWebKit/537.36 (KHTML, like Gecko) Chrome/53.0.2785.104 Safari/537.36 Core/1.53.1708.400 QQBrowser/9.5.9635.400"
[2016-11-17 10:15:23.211] [INFO] app - ::1 - - "OPTIONS /v1/public/getUserMenu HTTP/1.1" 204 - "http://localhost:8080/" "Mozilla/5.0 (Windows NT 10.0; WOW64) AppleWebKit/537.36 (KHTML, like Gecko) Chrome/53.0.2785.104 Safari/537.36 Core/1.53.1708.400 QQBrowser/9.5.9635.400"
[2016-11-17 10:15:23.234] [INFO] app - ::1 - - "GET /v1/public/getUserMenu HTTP/1.1" 200 - "http://localhost:8080/" "Mozilla/5.0 (Windows NT 10.0; WOW64) AppleWebKit/537.36 (KHTML, like Gecko) Chrome/53.0.2785.104 Safari/537.36 Core/1.53.1708.400 QQBrowser/9.5.9635.400"
[2016-11-17 10:15:24.911] [INFO] app - ::1 - - "OPTIONS /v1/company/list?offset=0&limit=20 HTTP/1.1" 204 - "http://localhost:8080/company" "Mozilla/5.0 (Windows NT 10.0; WOW64) AppleWebKit/537.36 (KHTML, like Gecko) Chrome/53.0.2785.104 Safari/537.36 Core/1.53.1708.400 QQBrowser/9.5.9635.400"
[2016-11-17 10:15:24.925] [INFO] app - ::1 - - "OPTIONS /v1/company/list?offset=0&limit=20 HTTP/1.1" 204 - "http://localhost:8080/company" "Mozilla/5.0 (Windows NT 10.0; WOW64) AppleWebKit/537.36 (KHTML, like Gecko) Chrome/53.0.2785.104 Safari/537.36 Core/1.53.1708.400 QQBrowser/9.5.9635.400"
[2016-11-17 10:15:24.965] [INFO] app - ::1 - - "GET /v1/company/list?offset=0&limit=20 HTTP/1.1" 200 162 "http://localhost:8080/company" "Mozilla/5.0 (Windows NT 10.0; WOW64) AppleWebKit/537.36 (KHTML, like Gecko) Chrome/53.0.2785.104 Safari/537.36 Core/1.53.1708.400 QQBrowser/9.5.9635.400"
[2016-11-17 10:15:24.977] [INFO] app - ::1 - - "GET /v1/company/list?offset=0&limit=20 HTTP/1.1" 200 162 "http://localhost:8080/company" "Mozilla/5.0 (Windows NT 10.0; WOW64) AppleWebKit/537.36 (KHTML, like Gecko) Chrome/53.0.2785.104 Safari/537.36 Core/1.53.1708.400 QQBrowser/9.5.9635.400"
[2016-11-17 10:15:26.787] [INFO] app - ::1 - - "OPTIONS /v1/public/findDepartment HTTP/1.1" 204 - "http://localhost:8080/company/departmentList" "Mozilla/5.0 (Windows NT 10.0; WOW64) AppleWebKit/537.36 (KHTML, like Gecko) Chrome/53.0.2785.104 Safari/537.36 Core/1.53.1708.400 QQBrowser/9.5.9635.400"
[2016-11-17 10:15:26.859] [INFO] app - ::1 - - "GET /v1/public/findDepartment HTTP/1.1" 200 242 "http://localhost:8080/company/departmentList" "Mozilla/5.0 (Windows NT 10.0; WOW64) AppleWebKit/537.36 (KHTML, like Gecko) Chrome/53.0.2785.104 Safari/537.36 Core/1.53.1708.400 QQBrowser/9.5.9635.400"
[2016-11-17 10:16:25.909] [INFO] app - ::1 - - "OPTIONS /v1/public/getUserMenu HTTP/1.1" 204 - "http://localhost:8080/company/departmentList" "Mozilla/5.0 (Windows NT 10.0; WOW64) AppleWebKit/537.36 (KHTML, like Gecko) Chrome/53.0.2785.104 Safari/537.36 Core/1.53.1708.400 QQBrowser/9.5.9635.400"
[2016-11-17 10:16:25.916] [INFO] app - ::1 - - "OPTIONS /v1/public/findDepartment HTTP/1.1" 204 - "http://localhost:8080/company/departmentList" "Mozilla/5.0 (Windows NT 10.0; WOW64) AppleWebKit/537.36 (KHTML, like Gecko) Chrome/53.0.2785.104 Safari/537.36 Core/1.53.1708.400 QQBrowser/9.5.9635.400"
[2016-11-17 10:16:26.017] [INFO] app - ::1 - - "GET /v1/public/getUserMenu HTTP/1.1" 200 - "http://localhost:8080/company/departmentList" "Mozilla/5.0 (Windows NT 10.0; WOW64) AppleWebKit/537.36 (KHTML, like Gecko) Chrome/53.0.2785.104 Safari/537.36 Core/1.53.1708.400 QQBrowser/9.5.9635.400"
[2016-11-17 10:16:26.032] [INFO] app - ::1 - - "GET /v1/public/findDepartment HTTP/1.1" 200 242 "http://localhost:8080/company/departmentList" "Mozilla/5.0 (Windows NT 10.0; WOW64) AppleWebKit/537.36 (KHTML, like Gecko) Chrome/53.0.2785.104 Safari/537.36 Core/1.53.1708.400 QQBrowser/9.5.9635.400"
[2016-11-17 10:21:55.619] [INFO] app - ::1 - - "OPTIONS /v1/public/getUserMenu HTTP/1.1" 204 - "http://localhost:8080/company/departmentList" "Mozilla/5.0 (Windows NT 10.0; WOW64) AppleWebKit/537.36 (KHTML, like Gecko) Chrome/53.0.2785.104 Safari/537.36 Core/1.53.1708.400 QQBrowser/9.5.9635.400"
[2016-11-17 10:21:55.626] [INFO] app - ::1 - - "OPTIONS /v1/public/findDepartment HTTP/1.1" 204 - "http://localhost:8080/company/departmentList" "Mozilla/5.0 (Windows NT 10.0; WOW64) AppleWebKit/537.36 (KHTML, like Gecko) Chrome/53.0.2785.104 Safari/537.36 Core/1.53.1708.400 QQBrowser/9.5.9635.400"
[2016-11-17 10:21:55.720] [INFO] app - ::1 - - "GET /v1/public/getUserMenu HTTP/1.1" 200 - "http://localhost:8080/company/departmentList" "Mozilla/5.0 (Windows NT 10.0; WOW64) AppleWebKit/537.36 (KHTML, like Gecko) Chrome/53.0.2785.104 Safari/537.36 Core/1.53.1708.400 QQBrowser/9.5.9635.400"
[2016-11-17 10:21:55.731] [INFO] app - ::1 - - "GET /v1/public/findDepartment HTTP/1.1" 200 242 "http://localhost:8080/company/departmentList" "Mozilla/5.0 (Windows NT 10.0; WOW64) AppleWebKit/537.36 (KHTML, like Gecko) Chrome/53.0.2785.104 Safari/537.36 Core/1.53.1708.400 QQBrowser/9.5.9635.400"
[2016-11-17 10:31:36.957] [INFO] app - ::1 - - "OPTIONS /v1/public/getUserMenu HTTP/1.1" 204 - "http://localhost:8080/" "Mozilla/5.0 (Windows NT 10.0; WOW64) AppleWebKit/537.36 (KHTML, like Gecko) Chrome/53.0.2785.104 Safari/537.36 Core/1.53.1708.400 QQBrowser/9.5.9635.400"
[2016-11-17 10:31:36.979] [INFO] app - ::1 - - "GET /v1/public/getUserMenu HTTP/1.1" 200 - "http://localhost:8080/" "Mozilla/5.0 (Windows NT 10.0; WOW64) AppleWebKit/537.36 (KHTML, like Gecko) Chrome/53.0.2785.104 Safari/537.36 Core/1.53.1708.400 QQBrowser/9.5.9635.400"
[2016-11-17 10:31:38.816] [INFO] app - ::1 - - "OPTIONS /v1/company/list?offset=0&limit=20 HTTP/1.1" 204 - "http://localhost:8080/company" "Mozilla/5.0 (Windows NT 10.0; WOW64) AppleWebKit/537.36 (KHTML, like Gecko) Chrome/53.0.2785.104 Safari/537.36 Core/1.53.1708.400 QQBrowser/9.5.9635.400"
[2016-11-17 10:31:38.825] [INFO] app - ::1 - - "OPTIONS /v1/company/list?offset=0&limit=20 HTTP/1.1" 204 - "http://localhost:8080/company" "Mozilla/5.0 (Windows NT 10.0; WOW64) AppleWebKit/537.36 (KHTML, like Gecko) Chrome/53.0.2785.104 Safari/537.36 Core/1.53.1708.400 QQBrowser/9.5.9635.400"
[2016-11-17 10:31:38.851] [INFO] app - ::1 - - "GET /v1/company/list?offset=0&limit=20 HTTP/1.1" 200 162 "http://localhost:8080/company" "Mozilla/5.0 (Windows NT 10.0; WOW64) AppleWebKit/537.36 (KHTML, like Gecko) Chrome/53.0.2785.104 Safari/537.36 Core/1.53.1708.400 QQBrowser/9.5.9635.400"
[2016-11-17 10:31:38.860] [INFO] app - ::1 - - "GET /v1/company/list?offset=0&limit=20 HTTP/1.1" 200 162 "http://localhost:8080/company" "Mozilla/5.0 (Windows NT 10.0; WOW64) AppleWebKit/537.36 (KHTML, like Gecko) Chrome/53.0.2785.104 Safari/537.36 Core/1.53.1708.400 QQBrowser/9.5.9635.400"
[2016-11-17 10:31:40.588] [INFO] app - ::1 - - "OPTIONS /v1/public/findDepartment HTTP/1.1" 204 - "http://localhost:8080/company/departmentList" "Mozilla/5.0 (Windows NT 10.0; WOW64) AppleWebKit/537.36 (KHTML, like Gecko) Chrome/53.0.2785.104 Safari/537.36 Core/1.53.1708.400 QQBrowser/9.5.9635.400"
[2016-11-17 10:31:40.661] [INFO] app - ::1 - - "GET /v1/public/findDepartment HTTP/1.1" 200 242 "http://localhost:8080/company/departmentList" "Mozilla/5.0 (Windows NT 10.0; WOW64) AppleWebKit/537.36 (KHTML, like Gecko) Chrome/53.0.2785.104 Safari/537.36 Core/1.53.1708.400 QQBrowser/9.5.9635.400"
[2016-11-17 10:31:42.657] [INFO] app - ::1 - - "OPTIONS /v1/public/findKht?id=2 HTTP/1.1" 204 - "http://localhost:8080/company/departmentList" "Mozilla/5.0 (Windows NT 10.0; WOW64) AppleWebKit/537.36 (KHTML, like Gecko) Chrome/53.0.2785.104 Safari/537.36 Core/1.53.1708.400 QQBrowser/9.5.9635.400"
[2016-11-17 10:31:42.673] [ERROR] app - server error { SequelizeBaseError: SQLITE_ERROR: no such column: isend
    at Query.formatError (F:\nodeJsWorker\dibang\API\node_modules\sequelize\lib\dialects\sqlite\query.js:348:14)
    at afterExecute (F:\nodeJsWorker\dibang\API\node_modules\sequelize\lib\dialects\sqlite\query.js:112:29)
    at replacement (F:\nodeJsWorker\dibang\API\node_modules\sqlite3\lib\trace.js:19:31)
    at Statement.errBack (F:\nodeJsWorker\dibang\API\node_modules\sqlite3\lib\sqlite3.js:16:21)
  name: 'SequelizeDatabaseError',
  message: 'SQLITE_ERROR: no such column: isend',
  parent: 
   { Error: SQLITE_ERROR: no such column: isend
     errno: 1,
     code: 'SQLITE_ERROR',
     sql: 'SELECT `id`, `code`, `name`, `status`, `sort`, `isend`, `remark`, `companyId`, `createUserId`, `modifyUserId`, `parentId` FROM `Khts` AS `Kht` WHERE `Kht`.`id` = \'2\';' },
  original: 
   { Error: SQLITE_ERROR: no such column: isend
     errno: 1,
     code: 'SQLITE_ERROR',
     sql: 'SELECT `id`, `code`, `name`, `status`, `sort`, `isend`, `remark`, `companyId`, `createUserId`, `modifyUserId`, `parentId` FROM `Khts` AS `Kht` WHERE `Kht`.`id` = \'2\';' },
  sql: 'SELECT `id`, `code`, `name`, `status`, `sort`, `isend`, `remark`, `companyId`, `createUserId`, `modifyUserId`, `parentId` FROM `Khts` AS `Kht` WHERE `Kht`.`id` = \'2\';' }
[2016-11-17 10:35:01.446] [INFO] app - ::1 - - "OPTIONS /v1/public/getUserMenu HTTP/1.1" 204 - "http://localhost:8080/company/departmentList" "Mozilla/5.0 (Windows NT 10.0; WOW64) AppleWebKit/537.36 (KHTML, like Gecko) Chrome/53.0.2785.104 Safari/537.36 Core/1.53.1708.400 QQBrowser/9.5.9635.400"
[2016-11-17 10:35:01.464] [INFO] app - ::1 - - "OPTIONS /v1/public/findDepartment HTTP/1.1" 204 - "http://localhost:8080/company/departmentList" "Mozilla/5.0 (Windows NT 10.0; WOW64) AppleWebKit/537.36 (KHTML, like Gecko) Chrome/53.0.2785.104 Safari/537.36 Core/1.53.1708.400 QQBrowser/9.5.9635.400"
[2016-11-17 10:35:01.589] [INFO] app - ::1 - - "GET /v1/public/getUserMenu HTTP/1.1" 200 - "http://localhost:8080/company/departmentList" "Mozilla/5.0 (Windows NT 10.0; WOW64) AppleWebKit/537.36 (KHTML, like Gecko) Chrome/53.0.2785.104 Safari/537.36 Core/1.53.1708.400 QQBrowser/9.5.9635.400"
[2016-11-17 10:35:01.600] [INFO] app - ::1 - - "GET /v1/public/findDepartment HTTP/1.1" 200 242 "http://localhost:8080/company/departmentList" "Mozilla/5.0 (Windows NT 10.0; WOW64) AppleWebKit/537.36 (KHTML, like Gecko) Chrome/53.0.2785.104 Safari/537.36 Core/1.53.1708.400 QQBrowser/9.5.9635.400"
[2016-11-17 10:36:32.703] [INFO] app - ::1 - - "OPTIONS /v1/public/getUserMenu HTTP/1.1" 204 - "http://localhost:8080/company/departmentList" "Mozilla/5.0 (Windows NT 10.0; WOW64) AppleWebKit/537.36 (KHTML, like Gecko) Chrome/53.0.2785.104 Safari/537.36 Core/1.53.1708.400 QQBrowser/9.5.9635.400"
[2016-11-17 10:36:32.710] [INFO] app - ::1 - - "OPTIONS /v1/public/findDepartment HTTP/1.1" 204 - "http://localhost:8080/company/departmentList" "Mozilla/5.0 (Windows NT 10.0; WOW64) AppleWebKit/537.36 (KHTML, like Gecko) Chrome/53.0.2785.104 Safari/537.36 Core/1.53.1708.400 QQBrowser/9.5.9635.400"
[2016-11-17 10:36:32.801] [INFO] app - ::1 - - "GET /v1/public/getUserMenu HTTP/1.1" 200 - "http://localhost:8080/company/departmentList" "Mozilla/5.0 (Windows NT 10.0; WOW64) AppleWebKit/537.36 (KHTML, like Gecko) Chrome/53.0.2785.104 Safari/537.36 Core/1.53.1708.400 QQBrowser/9.5.9635.400"
[2016-11-17 10:36:32.814] [INFO] app - ::1 - - "GET /v1/public/findDepartment HTTP/1.1" 200 242 "http://localhost:8080/company/departmentList" "Mozilla/5.0 (Windows NT 10.0; WOW64) AppleWebKit/537.36 (KHTML, like Gecko) Chrome/53.0.2785.104 Safari/537.36 Core/1.53.1708.400 QQBrowser/9.5.9635.400"
[2016-11-17 10:49:25.253] [INFO] app - ::1 - - "OPTIONS /v1/public/getUserMenu HTTP/1.1" 204 - "http://localhost:8080/" "Mozilla/5.0 (Windows NT 10.0; WOW64) AppleWebKit/537.36 (KHTML, like Gecko) Chrome/53.0.2785.104 Safari/537.36 Core/1.53.1708.400 QQBrowser/9.5.9635.400"
[2016-11-17 10:49:25.351] [INFO] app - ::1 - - "GET /v1/public/getUserMenu HTTP/1.1" 200 - "http://localhost:8080/" "Mozilla/5.0 (Windows NT 10.0; WOW64) AppleWebKit/537.36 (KHTML, like Gecko) Chrome/53.0.2785.104 Safari/537.36 Core/1.53.1708.400 QQBrowser/9.5.9635.400"
[2016-11-17 10:49:30.696] [INFO] app - ::1 - - "OPTIONS /v1/public/getUserMenu HTTP/1.1" 204 - "http://localhost:8080/company/departmentList" "Mozilla/5.0 (Windows NT 10.0; WOW64) AppleWebKit/537.36 (KHTML, like Gecko) Chrome/53.0.2785.104 Safari/537.36 Core/1.53.1708.400 QQBrowser/9.5.9635.400"
[2016-11-17 10:49:30.703] [INFO] app - ::1 - - "OPTIONS /v1/public/findDepartment HTTP/1.1" 204 - "http://localhost:8080/company/departmentList" "Mozilla/5.0 (Windows NT 10.0; WOW64) AppleWebKit/537.36 (KHTML, like Gecko) Chrome/53.0.2785.104 Safari/537.36 Core/1.53.1708.400 QQBrowser/9.5.9635.400"
[2016-11-17 10:49:30.790] [INFO] app - ::1 - - "GET /v1/public/getUserMenu HTTP/1.1" 200 - "http://localhost:8080/company/departmentList" "Mozilla/5.0 (Windows NT 10.0; WOW64) AppleWebKit/537.36 (KHTML, like Gecko) Chrome/53.0.2785.104 Safari/537.36 Core/1.53.1708.400 QQBrowser/9.5.9635.400"
[2016-11-17 10:49:30.809] [INFO] app - ::1 - - "GET /v1/public/findDepartment HTTP/1.1" 200 242 "http://localhost:8080/company/departmentList" "Mozilla/5.0 (Windows NT 10.0; WOW64) AppleWebKit/537.36 (KHTML, like Gecko) Chrome/53.0.2785.104 Safari/537.36 Core/1.53.1708.400 QQBrowser/9.5.9635.400"
[2016-11-17 10:49:54.885] [INFO] app - ::1 - - "OPTIONS /v1/company/list?offset=0&limit=20 HTTP/1.1" 204 - "http://localhost:8080/company" "Mozilla/5.0 (Windows NT 10.0; WOW64) AppleWebKit/537.36 (KHTML, like Gecko) Chrome/53.0.2785.104 Safari/537.36 Core/1.53.1708.400 QQBrowser/9.5.9635.400"
[2016-11-17 10:49:54.902] [INFO] app - ::1 - - "OPTIONS /v1/company/list?offset=0&limit=20 HTTP/1.1" 204 - "http://localhost:8080/company" "Mozilla/5.0 (Windows NT 10.0; WOW64) AppleWebKit/537.36 (KHTML, like Gecko) Chrome/53.0.2785.104 Safari/537.36 Core/1.53.1708.400 QQBrowser/9.5.9635.400"
[2016-11-17 10:49:54.934] [INFO] app - ::1 - - "GET /v1/company/list?offset=0&limit=20 HTTP/1.1" 200 162 "http://localhost:8080/company" "Mozilla/5.0 (Windows NT 10.0; WOW64) AppleWebKit/537.36 (KHTML, like Gecko) Chrome/53.0.2785.104 Safari/537.36 Core/1.53.1708.400 QQBrowser/9.5.9635.400"
[2016-11-17 10:49:54.945] [INFO] app - ::1 - - "GET /v1/company/list?offset=0&limit=20 HTTP/1.1" 200 162 "http://localhost:8080/company" "Mozilla/5.0 (Windows NT 10.0; WOW64) AppleWebKit/537.36 (KHTML, like Gecko) Chrome/53.0.2785.104 Safari/537.36 Core/1.53.1708.400 QQBrowser/9.5.9635.400"
[2016-11-17 10:49:56.568] [INFO] app - ::1 - - "OPTIONS /v1/public/findDepartment HTTP/1.1" 204 - "http://localhost:8080/company/departmentList" "Mozilla/5.0 (Windows NT 10.0; WOW64) AppleWebKit/537.36 (KHTML, like Gecko) Chrome/53.0.2785.104 Safari/537.36 Core/1.53.1708.400 QQBrowser/9.5.9635.400"
[2016-11-17 10:49:56.645] [INFO] app - ::1 - - "GET /v1/public/findDepartment HTTP/1.1" 200 242 "http://localhost:8080/company/departmentList" "Mozilla/5.0 (Windows NT 10.0; WOW64) AppleWebKit/537.36 (KHTML, like Gecko) Chrome/53.0.2785.104 Safari/537.36 Core/1.53.1708.400 QQBrowser/9.5.9635.400"
[2016-11-17 10:49:58.198] [INFO] app - ::1 - - "OPTIONS /v1/department/findDepartmentById?id=2 HTTP/1.1" 204 - "http://localhost:8080/company/departmentList" "Mozilla/5.0 (Windows NT 10.0; WOW64) AppleWebKit/537.36 (KHTML, like Gecko) Chrome/53.0.2785.104 Safari/537.36 Core/1.53.1708.400 QQBrowser/9.5.9635.400"
[2016-11-17 10:49:58.211] [ERROR] app - ::1 - - "GET /v1/department/findDepartmentById?id=2 HTTP/1.1" 401 48 "http://localhost:8080/company/departmentList" "Mozilla/5.0 (Windows NT 10.0; WOW64) AppleWebKit/537.36 (KHTML, like Gecko) Chrome/53.0.2785.104 Safari/537.36 Core/1.53.1708.400 QQBrowser/9.5.9635.400"
[2016-11-17 10:50:40.140] [INFO] app - ::1 - - "OPTIONS /v1/public/getUserMenu HTTP/1.1" 204 - "http://localhost:8080/company/departmentList" "Mozilla/5.0 (Windows NT 10.0; WOW64) AppleWebKit/537.36 (KHTML, like Gecko) Chrome/53.0.2785.104 Safari/537.36 Core/1.53.1708.400 QQBrowser/9.5.9635.400"
[2016-11-17 10:50:40.150] [INFO] app - ::1 - - "OPTIONS /v1/public/findDepartment HTTP/1.1" 204 - "http://localhost:8080/company/departmentList" "Mozilla/5.0 (Windows NT 10.0; WOW64) AppleWebKit/537.36 (KHTML, like Gecko) Chrome/53.0.2785.104 Safari/537.36 Core/1.53.1708.400 QQBrowser/9.5.9635.400"
[2016-11-17 10:50:40.264] [INFO] app - ::1 - - "GET /v1/public/getUserMenu HTTP/1.1" 200 - "http://localhost:8080/company/departmentList" "Mozilla/5.0 (Windows NT 10.0; WOW64) AppleWebKit/537.36 (KHTML, like Gecko) Chrome/53.0.2785.104 Safari/537.36 Core/1.53.1708.400 QQBrowser/9.5.9635.400"
[2016-11-17 10:50:40.279] [INFO] app - ::1 - - "GET /v1/public/findDepartment HTTP/1.1" 200 242 "http://localhost:8080/company/departmentList" "Mozilla/5.0 (Windows NT 10.0; WOW64) AppleWebKit/537.36 (KHTML, like Gecko) Chrome/53.0.2785.104 Safari/537.36 Core/1.53.1708.400 QQBrowser/9.5.9635.400"
[2016-11-17 10:50:43.193] [INFO] app - ::1 - - "OPTIONS /v1/user/login HTTP/1.1" 204 - "http://localhost:8080/login" "Mozilla/5.0 (Windows NT 10.0; WOW64) AppleWebKit/537.36 (KHTML, like Gecko) Chrome/53.0.2785.104 Safari/537.36 Core/1.53.1708.400 QQBrowser/9.5.9635.400"
[2016-11-17 10:50:43.255] [INFO] app - ::1 - - "POST /v1/user/login HTTP/1.1" 200 242 "http://localhost:8080/login" "Mozilla/5.0 (Windows NT 10.0; WOW64) AppleWebKit/537.36 (KHTML, like Gecko) Chrome/53.0.2785.104 Safari/537.36 Core/1.53.1708.400 QQBrowser/9.5.9635.400"
[2016-11-17 10:50:43.317] [INFO] app - ::1 - - "OPTIONS /v1/public/getUserMenu HTTP/1.1" 204 - "http://localhost:8080/" "Mozilla/5.0 (Windows NT 10.0; WOW64) AppleWebKit/537.36 (KHTML, like Gecko) Chrome/53.0.2785.104 Safari/537.36 Core/1.53.1708.400 QQBrowser/9.5.9635.400"
[2016-11-17 10:50:43.341] [INFO] app - ::1 - - "GET /v1/public/getUserMenu HTTP/1.1" 200 - "http://localhost:8080/" "Mozilla/5.0 (Windows NT 10.0; WOW64) AppleWebKit/537.36 (KHTML, like Gecko) Chrome/53.0.2785.104 Safari/537.36 Core/1.53.1708.400 QQBrowser/9.5.9635.400"
[2016-11-17 10:50:47.045] [INFO] app - ::1 - - "OPTIONS /v1/company/list?offset=0&limit=20 HTTP/1.1" 204 - "http://localhost:8080/company" "Mozilla/5.0 (Windows NT 10.0; WOW64) AppleWebKit/537.36 (KHTML, like Gecko) Chrome/53.0.2785.104 Safari/537.36 Core/1.53.1708.400 QQBrowser/9.5.9635.400"
[2016-11-17 10:50:47.053] [INFO] app - ::1 - - "OPTIONS /v1/company/list?offset=0&limit=20 HTTP/1.1" 204 - "http://localhost:8080/company" "Mozilla/5.0 (Windows NT 10.0; WOW64) AppleWebKit/537.36 (KHTML, like Gecko) Chrome/53.0.2785.104 Safari/537.36 Core/1.53.1708.400 QQBrowser/9.5.9635.400"
[2016-11-17 10:50:47.084] [INFO] app - ::1 - - "GET /v1/company/list?offset=0&limit=20 HTTP/1.1" 200 162 "http://localhost:8080/company" "Mozilla/5.0 (Windows NT 10.0; WOW64) AppleWebKit/537.36 (KHTML, like Gecko) Chrome/53.0.2785.104 Safari/537.36 Core/1.53.1708.400 QQBrowser/9.5.9635.400"
[2016-11-17 10:50:47.096] [INFO] app - ::1 - - "GET /v1/company/list?offset=0&limit=20 HTTP/1.1" 200 162 "http://localhost:8080/company" "Mozilla/5.0 (Windows NT 10.0; WOW64) AppleWebKit/537.36 (KHTML, like Gecko) Chrome/53.0.2785.104 Safari/537.36 Core/1.53.1708.400 QQBrowser/9.5.9635.400"
[2016-11-17 10:50:49.907] [INFO] app - ::1 - - "OPTIONS /v1/public/findDepartment HTTP/1.1" 204 - "http://localhost:8080/company/departmentList" "Mozilla/5.0 (Windows NT 10.0; WOW64) AppleWebKit/537.36 (KHTML, like Gecko) Chrome/53.0.2785.104 Safari/537.36 Core/1.53.1708.400 QQBrowser/9.5.9635.400"
[2016-11-17 10:50:49.981] [INFO] app - ::1 - - "GET /v1/public/findDepartment HTTP/1.1" 200 242 "http://localhost:8080/company/departmentList" "Mozilla/5.0 (Windows NT 10.0; WOW64) AppleWebKit/537.36 (KHTML, like Gecko) Chrome/53.0.2785.104 Safari/537.36 Core/1.53.1708.400 QQBrowser/9.5.9635.400"
[2016-11-17 10:50:51.398] [INFO] app - ::1 - - "OPTIONS /v1/public/findDepartmentById?id=2 HTTP/1.1" 204 - "http://localhost:8080/company/departmentList" "Mozilla/5.0 (Windows NT 10.0; WOW64) AppleWebKit/537.36 (KHTML, like Gecko) Chrome/53.0.2785.104 Safari/537.36 Core/1.53.1708.400 QQBrowser/9.5.9635.400"
[2016-11-17 10:50:51.415] [ERROR] app - ::1 - - "GET /v1/public/findDepartmentById?id=2 HTTP/1.1" 404 - "http://localhost:8080/company/departmentList" "Mozilla/5.0 (Windows NT 10.0; WOW64) AppleWebKit/537.36 (KHTML, like Gecko) Chrome/53.0.2785.104 Safari/537.36 Core/1.53.1708.400 QQBrowser/9.5.9635.400"
[2016-11-17 10:52:23.394] [INFO] app - ::1 - - "OPTIONS /v1/company/list?offset=0&limit=20 HTTP/1.1" 204 - "http://localhost:8080/company" "Mozilla/5.0 (Windows NT 10.0; WOW64) AppleWebKit/537.36 (KHTML, like Gecko) Chrome/53.0.2785.104 Safari/537.36 Core/1.53.1708.400 QQBrowser/9.5.9635.400"
[2016-11-17 10:52:23.441] [INFO] app - ::1 - - "GET /v1/company/list?offset=0&limit=20 HTTP/1.1" 200 162 "http://localhost:8080/company" "Mozilla/5.0 (Windows NT 10.0; WOW64) AppleWebKit/537.36 (KHTML, like Gecko) Chrome/53.0.2785.104 Safari/537.36 Core/1.53.1708.400 QQBrowser/9.5.9635.400"
[2016-11-17 10:52:25.312] [INFO] app - ::1 - - "OPTIONS /v1/public/getUserMenu HTTP/1.1" 204 - "http://localhost:8080/company" "Mozilla/5.0 (Windows NT 10.0; WOW64) AppleWebKit/537.36 (KHTML, like Gecko) Chrome/53.0.2785.104 Safari/537.36 Core/1.53.1708.400 QQBrowser/9.5.9635.400"
[2016-11-17 10:52:25.389] [INFO] app - ::1 - - "GET /v1/company/list?offset=0&limit=20 HTTP/1.1" 200 162 "http://localhost:8080/company" "Mozilla/5.0 (Windows NT 10.0; WOW64) AppleWebKit/537.36 (KHTML, like Gecko) Chrome/53.0.2785.104 Safari/537.36 Core/1.53.1708.400 QQBrowser/9.5.9635.400"
[2016-11-17 10:52:25.405] [INFO] app - ::1 - - "GET /v1/company/list?offset=0&limit=20 HTTP/1.1" 200 162 "http://localhost:8080/company" "Mozilla/5.0 (Windows NT 10.0; WOW64) AppleWebKit/537.36 (KHTML, like Gecko) Chrome/53.0.2785.104 Safari/537.36 Core/1.53.1708.400 QQBrowser/9.5.9635.400"
[2016-11-17 10:52:25.425] [INFO] app - ::1 - - "GET /v1/public/getUserMenu HTTP/1.1" 200 - "http://localhost:8080/company" "Mozilla/5.0 (Windows NT 10.0; WOW64) AppleWebKit/537.36 (KHTML, like Gecko) Chrome/53.0.2785.104 Safari/537.36 Core/1.53.1708.400 QQBrowser/9.5.9635.400"
[2016-11-17 10:52:28.643] [INFO] app - ::1 - - "OPTIONS /v1/public/findDepartment HTTP/1.1" 204 - "http://localhost:8080/company/departmentList" "Mozilla/5.0 (Windows NT 10.0; WOW64) AppleWebKit/537.36 (KHTML, like Gecko) Chrome/53.0.2785.104 Safari/537.36 Core/1.53.1708.400 QQBrowser/9.5.9635.400"
[2016-11-17 10:52:28.727] [INFO] app - ::1 - - "GET /v1/public/findDepartment HTTP/1.1" 200 242 "http://localhost:8080/company/departmentList" "Mozilla/5.0 (Windows NT 10.0; WOW64) AppleWebKit/537.36 (KHTML, like Gecko) Chrome/53.0.2785.104 Safari/537.36 Core/1.53.1708.400 QQBrowser/9.5.9635.400"
[2016-11-17 10:52:29.913] [INFO] app - ::1 - - "OPTIONS /v1/public/findDepartmentById?id=2 HTTP/1.1" 204 - "http://localhost:8080/company/departmentList" "Mozilla/5.0 (Windows NT 10.0; WOW64) AppleWebKit/537.36 (KHTML, like Gecko) Chrome/53.0.2785.104 Safari/537.36 Core/1.53.1708.400 QQBrowser/9.5.9635.400"
[2016-11-17 10:52:29.935] [INFO] app - ::1 - - "GET /v1/public/findDepartmentById?id=2 HTTP/1.1" 200 226 "http://localhost:8080/company/departmentList" "Mozilla/5.0 (Windows NT 10.0; WOW64) AppleWebKit/537.36 (KHTML, like Gecko) Chrome/53.0.2785.104 Safari/537.36 Core/1.53.1708.400 QQBrowser/9.5.9635.400"
[2016-11-17 10:52:31.497] [INFO] app - ::1 - - "GET /v1/public/findDepartmentById?id=2 HTTP/1.1" 200 226 "http://localhost:8080/company/departmentList" "Mozilla/5.0 (Windows NT 10.0; WOW64) AppleWebKit/537.36 (KHTML, like Gecko) Chrome/53.0.2785.104 Safari/537.36 Core/1.53.1708.400 QQBrowser/9.5.9635.400"
[2016-11-17 10:52:41.947] [INFO] app - ::1 - - "OPTIONS /v1/public/findDepartmentById?id=2 HTTP/1.1" 204 - "http://localhost:8080/company/departmentList" "Mozilla/5.0 (Windows NT 10.0; WOW64) AppleWebKit/537.36 (KHTML, like Gecko) Chrome/53.0.2785.104 Safari/537.36 Core/1.53.1708.400 QQBrowser/9.5.9635.400"
[2016-11-17 10:52:41.974] [INFO] app - ::1 - - "GET /v1/public/findDepartmentById?id=2 HTTP/1.1" 200 226 "http://localhost:8080/company/departmentList" "Mozilla/5.0 (Windows NT 10.0; WOW64) AppleWebKit/537.36 (KHTML, like Gecko) Chrome/53.0.2785.104 Safari/537.36 Core/1.53.1708.400 QQBrowser/9.5.9635.400"
[2016-11-17 10:52:43.275] [INFO] app - ::1 - - "GET /v1/public/findDepartmentById?id=2 HTTP/1.1" 200 226 "http://localhost:8080/company/departmentList" "Mozilla/5.0 (Windows NT 10.0; WOW64) AppleWebKit/537.36 (KHTML, like Gecko) Chrome/53.0.2785.104 Safari/537.36 Core/1.53.1708.400 QQBrowser/9.5.9635.400"
[2016-11-17 10:52:44.477] [INFO] app - ::1 - - "GET /v1/public/findDepartmentById?id=2 HTTP/1.1" 200 226 "http://localhost:8080/company/departmentList" "Mozilla/5.0 (Windows NT 10.0; WOW64) AppleWebKit/537.36 (KHTML, like Gecko) Chrome/53.0.2785.104 Safari/537.36 Core/1.53.1708.400 QQBrowser/9.5.9635.400"
[2016-11-17 10:53:32.621] [INFO] app - ::1 - - "OPTIONS /v1/kht/update HTTP/1.1" 204 - "http://localhost:8080/company/departmentList" "Mozilla/5.0 (Windows NT 10.0; WOW64) AppleWebKit/537.36 (KHTML, like Gecko) Chrome/53.0.2785.104 Safari/537.36 Core/1.53.1708.400 QQBrowser/9.5.9635.400"
[2016-11-17 10:53:32.637] [ERROR] app - ::1 - - "POST /v1/kht/update HTTP/1.1" 401 48 "http://localhost:8080/company/departmentList" "Mozilla/5.0 (Windows NT 10.0; WOW64) AppleWebKit/537.36 (KHTML, like Gecko) Chrome/53.0.2785.104 Safari/537.36 Core/1.53.1708.400 QQBrowser/9.5.9635.400"
[2016-11-17 10:53:46.859] [INFO] app - ::1 - - "OPTIONS /v1/user/login HTTP/1.1" 204 - "http://localhost:8080/login" "Mozilla/5.0 (Windows NT 10.0; WOW64) AppleWebKit/537.36 (KHTML, like Gecko) Chrome/53.0.2785.104 Safari/537.36 Core/1.53.1708.400 QQBrowser/9.5.9635.400"
[2016-11-17 10:53:46.927] [INFO] app - ::1 - - "POST /v1/user/login HTTP/1.1" 200 226 "http://localhost:8080/login" "Mozilla/5.0 (Windows NT 10.0; WOW64) AppleWebKit/537.36 (KHTML, like Gecko) Chrome/53.0.2785.104 Safari/537.36 Core/1.53.1708.400 QQBrowser/9.5.9635.400"
[2016-11-17 10:53:47.010] [INFO] app - ::1 - - "OPTIONS /v1/public/getUserMenu HTTP/1.1" 204 - "http://localhost:8080/" "Mozilla/5.0 (Windows NT 10.0; WOW64) AppleWebKit/537.36 (KHTML, like Gecko) Chrome/53.0.2785.104 Safari/537.36 Core/1.53.1708.400 QQBrowser/9.5.9635.400"
[2016-11-17 10:53:47.044] [INFO] app - ::1 - - "GET /v1/public/getUserMenu HTTP/1.1" 200 - "http://localhost:8080/" "Mozilla/5.0 (Windows NT 10.0; WOW64) AppleWebKit/537.36 (KHTML, like Gecko) Chrome/53.0.2785.104 Safari/537.36 Core/1.53.1708.400 QQBrowser/9.5.9635.400"
[2016-11-17 10:53:49.299] [INFO] app - ::1 - - "OPTIONS /v1/company/list?offset=0&limit=20 HTTP/1.1" 204 - "http://localhost:8080/company" "Mozilla/5.0 (Windows NT 10.0; WOW64) AppleWebKit/537.36 (KHTML, like Gecko) Chrome/53.0.2785.104 Safari/537.36 Core/1.53.1708.400 QQBrowser/9.5.9635.400"
[2016-11-17 10:53:49.312] [INFO] app - ::1 - - "OPTIONS /v1/company/list?offset=0&limit=20 HTTP/1.1" 204 - "http://localhost:8080/company" "Mozilla/5.0 (Windows NT 10.0; WOW64) AppleWebKit/537.36 (KHTML, like Gecko) Chrome/53.0.2785.104 Safari/537.36 Core/1.53.1708.400 QQBrowser/9.5.9635.400"
[2016-11-17 10:53:49.361] [INFO] app - ::1 - - "GET /v1/company/list?offset=0&limit=20 HTTP/1.1" 200 162 "http://localhost:8080/company" "Mozilla/5.0 (Windows NT 10.0; WOW64) AppleWebKit/537.36 (KHTML, like Gecko) Chrome/53.0.2785.104 Safari/537.36 Core/1.53.1708.400 QQBrowser/9.5.9635.400"
[2016-11-17 10:53:49.382] [INFO] app - ::1 - - "GET /v1/company/list?offset=0&limit=20 HTTP/1.1" 200 162 "http://localhost:8080/company" "Mozilla/5.0 (Windows NT 10.0; WOW64) AppleWebKit/537.36 (KHTML, like Gecko) Chrome/53.0.2785.104 Safari/537.36 Core/1.53.1708.400 QQBrowser/9.5.9635.400"
[2016-11-17 10:53:50.931] [INFO] app - ::1 - - "OPTIONS /v1/public/findDepartment HTTP/1.1" 204 - "http://localhost:8080/company/departmentList" "Mozilla/5.0 (Windows NT 10.0; WOW64) AppleWebKit/537.36 (KHTML, like Gecko) Chrome/53.0.2785.104 Safari/537.36 Core/1.53.1708.400 QQBrowser/9.5.9635.400"
[2016-11-17 10:53:51.019] [INFO] app - ::1 - - "GET /v1/public/findDepartment HTTP/1.1" 200 242 "http://localhost:8080/company/departmentList" "Mozilla/5.0 (Windows NT 10.0; WOW64) AppleWebKit/537.36 (KHTML, like Gecko) Chrome/53.0.2785.104 Safari/537.36 Core/1.53.1708.400 QQBrowser/9.5.9635.400"
[2016-11-17 10:54:01.275] [INFO] app - ::1 - - "OPTIONS /v1/public/addDepartment HTTP/1.1" 204 - "http://localhost:8080/company/departmentList" "Mozilla/5.0 (Windows NT 10.0; WOW64) AppleWebKit/537.36 (KHTML, like Gecko) Chrome/53.0.2785.104 Safari/537.36 Core/1.53.1708.400 QQBrowser/9.5.9635.400"
[2016-11-17 10:54:01.330] [INFO] app - ::1 - - "POST /v1/public/addDepartment HTTP/1.1" 200 185 "http://localhost:8080/company/departmentList" "Mozilla/5.0 (Windows NT 10.0; WOW64) AppleWebKit/537.36 (KHTML, like Gecko) Chrome/53.0.2785.104 Safari/537.36 Core/1.53.1708.400 QQBrowser/9.5.9635.400"
[2016-11-17 10:54:01.346] [INFO] app - ::1 - - "OPTIONS /v1/menu/list HTTP/1.1" 204 - "http://localhost:8080/company/departmentList" "Mozilla/5.0 (Windows NT 10.0; WOW64) AppleWebKit/537.36 (KHTML, like Gecko) Chrome/53.0.2785.104 Safari/537.36 Core/1.53.1708.400 QQBrowser/9.5.9635.400"
[2016-11-17 10:54:01.373] [INFO] app - ::1 - - "GET /v1/menu/list HTTP/1.1" 200 - "http://localhost:8080/company/departmentList" "Mozilla/5.0 (Windows NT 10.0; WOW64) AppleWebKit/537.36 (KHTML, like Gecko) Chrome/53.0.2785.104 Safari/537.36 Core/1.53.1708.400 QQBrowser/9.5.9635.400"
[2016-11-17 10:54:06.063] [INFO] app - ::1 - - "OPTIONS /v1/public/getUserMenu HTTP/1.1" 204 - "http://localhost:8080/company/departmentList" "Mozilla/5.0 (Windows NT 10.0; WOW64) AppleWebKit/537.36 (KHTML, like Gecko) Chrome/53.0.2785.104 Safari/537.36 Core/1.53.1708.400 QQBrowser/9.5.9635.400"
[2016-11-17 10:54:06.071] [INFO] app - ::1 - - "OPTIONS /v1/public/findDepartment HTTP/1.1" 204 - "http://localhost:8080/company/departmentList" "Mozilla/5.0 (Windows NT 10.0; WOW64) AppleWebKit/537.36 (KHTML, like Gecko) Chrome/53.0.2785.104 Safari/537.36 Core/1.53.1708.400 QQBrowser/9.5.9635.400"
[2016-11-17 10:54:06.166] [INFO] app - ::1 - - "GET /v1/public/getUserMenu HTTP/1.1" 200 - "http://localhost:8080/company/departmentList" "Mozilla/5.0 (Windows NT 10.0; WOW64) AppleWebKit/537.36 (KHTML, like Gecko) Chrome/53.0.2785.104 Safari/537.36 Core/1.53.1708.400 QQBrowser/9.5.9635.400"
[2016-11-17 10:54:06.182] [INFO] app - ::1 - - "GET /v1/public/findDepartment HTTP/1.1" 200 411 "http://localhost:8080/company/departmentList" "Mozilla/5.0 (Windows NT 10.0; WOW64) AppleWebKit/537.36 (KHTML, like Gecko) Chrome/53.0.2785.104 Safari/537.36 Core/1.53.1708.400 QQBrowser/9.5.9635.400"
[2016-11-17 10:54:07.227] [INFO] app - ::1 - - "OPTIONS /v1/company/list?offset=0&limit=20 HTTP/1.1" 204 - "http://localhost:8080/company" "Mozilla/5.0 (Windows NT 10.0; WOW64) AppleWebKit/537.36 (KHTML, like Gecko) Chrome/53.0.2785.104 Safari/537.36 Core/1.53.1708.400 QQBrowser/9.5.9635.400"
[2016-11-17 10:54:07.238] [INFO] app - ::1 - - "OPTIONS /v1/company/list?offset=0&limit=20 HTTP/1.1" 204 - "http://localhost:8080/company" "Mozilla/5.0 (Windows NT 10.0; WOW64) AppleWebKit/537.36 (KHTML, like Gecko) Chrome/53.0.2785.104 Safari/537.36 Core/1.53.1708.400 QQBrowser/9.5.9635.400"
[2016-11-17 10:54:07.284] [INFO] app - ::1 - - "GET /v1/company/list?offset=0&limit=20 HTTP/1.1" 200 162 "http://localhost:8080/company" "Mozilla/5.0 (Windows NT 10.0; WOW64) AppleWebKit/537.36 (KHTML, like Gecko) Chrome/53.0.2785.104 Safari/537.36 Core/1.53.1708.400 QQBrowser/9.5.9635.400"
[2016-11-17 10:54:07.297] [INFO] app - ::1 - - "GET /v1/company/list?offset=0&limit=20 HTTP/1.1" 200 162 "http://localhost:8080/company" "Mozilla/5.0 (Windows NT 10.0; WOW64) AppleWebKit/537.36 (KHTML, like Gecko) Chrome/53.0.2785.104 Safari/537.36 Core/1.53.1708.400 QQBrowser/9.5.9635.400"
[2016-11-17 10:54:09.030] [INFO] app - ::1 - - "GET /v1/public/findDepartment HTTP/1.1" 200 411 "http://localhost:8080/company/departmentList" "Mozilla/5.0 (Windows NT 10.0; WOW64) AppleWebKit/537.36 (KHTML, like Gecko) Chrome/53.0.2785.104 Safari/537.36 Core/1.53.1708.400 QQBrowser/9.5.9635.400"
[2016-11-17 10:54:10.377] [INFO] app - ::1 - - "OPTIONS /v1/public/findDepartmentById?id=2 HTTP/1.1" 204 - "http://localhost:8080/company/departmentList" "Mozilla/5.0 (Windows NT 10.0; WOW64) AppleWebKit/537.36 (KHTML, like Gecko) Chrome/53.0.2785.104 Safari/537.36 Core/1.53.1708.400 QQBrowser/9.5.9635.400"
[2016-11-17 10:54:10.399] [INFO] app - ::1 - - "GET /v1/public/findDepartmentById?id=2 HTTP/1.1" 200 226 "http://localhost:8080/company/departmentList" "Mozilla/5.0 (Windows NT 10.0; WOW64) AppleWebKit/537.36 (KHTML, like Gecko) Chrome/53.0.2785.104 Safari/537.36 Core/1.53.1708.400 QQBrowser/9.5.9635.400"
[2016-11-17 10:55:07.376] [INFO] app - ::1 - - "OPTIONS /v1/public/getUserMenu HTTP/1.1" 204 - "http://localhost:8080/company/departmentList" "Mozilla/5.0 (Windows NT 10.0; WOW64) AppleWebKit/537.36 (KHTML, like Gecko) Chrome/53.0.2785.104 Safari/537.36 Core/1.53.1708.400 QQBrowser/9.5.9635.400"
[2016-11-17 10:55:07.383] [INFO] app - ::1 - - "OPTIONS /v1/public/findDepartment HTTP/1.1" 204 - "http://localhost:8080/company/departmentList" "Mozilla/5.0 (Windows NT 10.0; WOW64) AppleWebKit/537.36 (KHTML, like Gecko) Chrome/53.0.2785.104 Safari/537.36 Core/1.53.1708.400 QQBrowser/9.5.9635.400"
[2016-11-17 10:55:07.490] [INFO] app - ::1 - - "GET /v1/public/getUserMenu HTTP/1.1" 200 - "http://localhost:8080/company/departmentList" "Mozilla/5.0 (Windows NT 10.0; WOW64) AppleWebKit/537.36 (KHTML, like Gecko) Chrome/53.0.2785.104 Safari/537.36 Core/1.53.1708.400 QQBrowser/9.5.9635.400"
[2016-11-17 10:55:07.505] [INFO] app - ::1 - - "GET /v1/public/findDepartment HTTP/1.1" 200 411 "http://localhost:8080/company/departmentList" "Mozilla/5.0 (Windows NT 10.0; WOW64) AppleWebKit/537.36 (KHTML, like Gecko) Chrome/53.0.2785.104 Safari/537.36 Core/1.53.1708.400 QQBrowser/9.5.9635.400"
[2016-11-17 10:55:09.180] [INFO] app - ::1 - - "OPTIONS /v1/public/findDepartmentById?id=2 HTTP/1.1" 204 - "http://localhost:8080/company/departmentList" "Mozilla/5.0 (Windows NT 10.0; WOW64) AppleWebKit/537.36 (KHTML, like Gecko) Chrome/53.0.2785.104 Safari/537.36 Core/1.53.1708.400 QQBrowser/9.5.9635.400"
[2016-11-17 10:55:09.214] [INFO] app - ::1 - - "GET /v1/public/findDepartmentById?id=2 HTTP/1.1" 200 226 "http://localhost:8080/company/departmentList" "Mozilla/5.0 (Windows NT 10.0; WOW64) AppleWebKit/537.36 (KHTML, like Gecko) Chrome/53.0.2785.104 Safari/537.36 Core/1.53.1708.400 QQBrowser/9.5.9635.400"
[2016-11-17 10:55:13.066] [INFO] app - ::1 - - "OPTIONS /v1/company/list?offset=0&limit=20 HTTP/1.1" 204 - "http://localhost:8080/company" "Mozilla/5.0 (Windows NT 10.0; WOW64) AppleWebKit/537.36 (KHTML, like Gecko) Chrome/53.0.2785.104 Safari/537.36 Core/1.53.1708.400 QQBrowser/9.5.9635.400"
[2016-11-17 10:55:13.076] [INFO] app - ::1 - - "OPTIONS /v1/company/list?offset=0&limit=20 HTTP/1.1" 204 - "http://localhost:8080/company" "Mozilla/5.0 (Windows NT 10.0; WOW64) AppleWebKit/537.36 (KHTML, like Gecko) Chrome/53.0.2785.104 Safari/537.36 Core/1.53.1708.400 QQBrowser/9.5.9635.400"
[2016-11-17 10:55:13.121] [INFO] app - ::1 - - "GET /v1/company/list?offset=0&limit=20 HTTP/1.1" 200 162 "http://localhost:8080/company" "Mozilla/5.0 (Windows NT 10.0; WOW64) AppleWebKit/537.36 (KHTML, like Gecko) Chrome/53.0.2785.104 Safari/537.36 Core/1.53.1708.400 QQBrowser/9.5.9635.400"
[2016-11-17 10:55:13.136] [INFO] app - ::1 - - "GET /v1/company/list?offset=0&limit=20 HTTP/1.1" 200 162 "http://localhost:8080/company" "Mozilla/5.0 (Windows NT 10.0; WOW64) AppleWebKit/537.36 (KHTML, like Gecko) Chrome/53.0.2785.104 Safari/537.36 Core/1.53.1708.400 QQBrowser/9.5.9635.400"
[2016-11-17 10:55:14.687] [INFO] app - ::1 - - "OPTIONS /v1/public/findDepartment HTTP/1.1" 204 - "http://localhost:8080/company/departmentList" "Mozilla/5.0 (Windows NT 10.0; WOW64) AppleWebKit/537.36 (KHTML, like Gecko) Chrome/53.0.2785.104 Safari/537.36 Core/1.53.1708.400 QQBrowser/9.5.9635.400"
[2016-11-17 10:55:14.762] [INFO] app - ::1 - - "GET /v1/public/findDepartment HTTP/1.1" 200 411 "http://localhost:8080/company/departmentList" "Mozilla/5.0 (Windows NT 10.0; WOW64) AppleWebKit/537.36 (KHTML, like Gecko) Chrome/53.0.2785.104 Safari/537.36 Core/1.53.1708.400 QQBrowser/9.5.9635.400"
[2016-11-17 10:55:16.447] [INFO] app - ::1 - - "OPTIONS /v1/public/findDepartmentById?id=2 HTTP/1.1" 204 - "http://localhost:8080/company/departmentList" "Mozilla/5.0 (Windows NT 10.0; WOW64) AppleWebKit/537.36 (KHTML, like Gecko) Chrome/53.0.2785.104 Safari/537.36 Core/1.53.1708.400 QQBrowser/9.5.9635.400"
[2016-11-17 10:55:16.466] [INFO] app - ::1 - - "GET /v1/public/findDepartmentById?id=2 HTTP/1.1" 200 226 "http://localhost:8080/company/departmentList" "Mozilla/5.0 (Windows NT 10.0; WOW64) AppleWebKit/537.36 (KHTML, like Gecko) Chrome/53.0.2785.104 Safari/537.36 Core/1.53.1708.400 QQBrowser/9.5.9635.400"
[2016-11-17 10:55:17.257] [INFO] app - ::1 - - "OPTIONS /v1/public/findDepartmentById?id=3 HTTP/1.1" 204 - "http://localhost:8080/company/departmentList" "Mozilla/5.0 (Windows NT 10.0; WOW64) AppleWebKit/537.36 (KHTML, like Gecko) Chrome/53.0.2785.104 Safari/537.36 Core/1.53.1708.400 QQBrowser/9.5.9635.400"
[2016-11-17 10:55:17.274] [INFO] app - ::1 - - "GET /v1/public/findDepartmentById?id=3 HTTP/1.1" 200 218 "http://localhost:8080/company/departmentList" "Mozilla/5.0 (Windows NT 10.0; WOW64) AppleWebKit/537.36 (KHTML, like Gecko) Chrome/53.0.2785.104 Safari/537.36 Core/1.53.1708.400 QQBrowser/9.5.9635.400"
[2016-11-17 10:55:18.596] [INFO] app - ::1 - - "GET /v1/public/findDepartmentById?id=2 HTTP/1.1" 200 226 "http://localhost:8080/company/departmentList" "Mozilla/5.0 (Windows NT 10.0; WOW64) AppleWebKit/537.36 (KHTML, like Gecko) Chrome/53.0.2785.104 Safari/537.36 Core/1.53.1708.400 QQBrowser/9.5.9635.400"
[2016-11-17 10:56:26.272] [INFO] app - ::1 - - "OPTIONS /v1/company/list?offset=0&limit=20 HTTP/1.1" 204 - "http://localhost:8080/company" "Mozilla/5.0 (Windows NT 10.0; WOW64) AppleWebKit/537.36 (KHTML, like Gecko) Chrome/53.0.2785.104 Safari/537.36 Core/1.53.1708.400 QQBrowser/9.5.9635.400"
[2016-11-17 10:56:26.328] [INFO] app - ::1 - - "GET /v1/company/list?offset=0&limit=20 HTTP/1.1" 200 162 "http://localhost:8080/company" "Mozilla/5.0 (Windows NT 10.0; WOW64) AppleWebKit/537.36 (KHTML, like Gecko) Chrome/53.0.2785.104 Safari/537.36 Core/1.53.1708.400 QQBrowser/9.5.9635.400"
[2016-11-17 10:56:28.614] [INFO] app - ::1 - - "OPTIONS /v1/public/findDepartment HTTP/1.1" 204 - "http://localhost:8080/company/departmentList" "Mozilla/5.0 (Windows NT 10.0; WOW64) AppleWebKit/537.36 (KHTML, like Gecko) Chrome/53.0.2785.104 Safari/537.36 Core/1.53.1708.400 QQBrowser/9.5.9635.400"
[2016-11-17 10:56:28.682] [INFO] app - ::1 - - "GET /v1/public/findDepartment HTTP/1.1" 200 411 "http://localhost:8080/company/departmentList" "Mozilla/5.0 (Windows NT 10.0; WOW64) AppleWebKit/537.36 (KHTML, like Gecko) Chrome/53.0.2785.104 Safari/537.36 Core/1.53.1708.400 QQBrowser/9.5.9635.400"
[2016-11-17 10:56:30.044] [INFO] app - ::1 - - "OPTIONS /v1/public/findDepartmentById?id=2 HTTP/1.1" 204 - "http://localhost:8080/company/departmentList" "Mozilla/5.0 (Windows NT 10.0; WOW64) AppleWebKit/537.36 (KHTML, like Gecko) Chrome/53.0.2785.104 Safari/537.36 Core/1.53.1708.400 QQBrowser/9.5.9635.400"
[2016-11-17 10:56:30.069] [INFO] app - ::1 - - "GET /v1/public/findDepartmentById?id=2 HTTP/1.1" 200 226 "http://localhost:8080/company/departmentList" "Mozilla/5.0 (Windows NT 10.0; WOW64) AppleWebKit/537.36 (KHTML, like Gecko) Chrome/53.0.2785.104 Safari/537.36 Core/1.53.1708.400 QQBrowser/9.5.9635.400"
[2016-11-17 10:56:31.065] [INFO] app - ::1 - - "GET /v1/public/findDepartmentById?id=2 HTTP/1.1" 200 226 "http://localhost:8080/company/departmentList" "Mozilla/5.0 (Windows NT 10.0; WOW64) AppleWebKit/537.36 (KHTML, like Gecko) Chrome/53.0.2785.104 Safari/537.36 Core/1.53.1708.400 QQBrowser/9.5.9635.400"
[2016-11-17 10:56:33.475] [INFO] app - ::1 - - "OPTIONS /v1/company/list?offset=0&limit=20 HTTP/1.1" 204 - "http://localhost:8080/company" "Mozilla/5.0 (Windows NT 10.0; WOW64) AppleWebKit/537.36 (KHTML, like Gecko) Chrome/53.0.2785.104 Safari/537.36 Core/1.53.1708.400 QQBrowser/9.5.9635.400"
[2016-11-17 10:56:33.515] [INFO] app - ::1 - - "GET /v1/company/list?offset=0&limit=20 HTTP/1.1" 200 162 "http://localhost:8080/company" "Mozilla/5.0 (Windows NT 10.0; WOW64) AppleWebKit/537.36 (KHTML, like Gecko) Chrome/53.0.2785.104 Safari/537.36 Core/1.53.1708.400 QQBrowser/9.5.9635.400"
[2016-11-17 10:59:21.259] [INFO] app - ::1 - - "OPTIONS /v1/btn/list?offset=0&limit=20 HTTP/1.1" 204 - "http://localhost:8080/btn" "Mozilla/5.0 (Windows NT 10.0; WOW64) AppleWebKit/537.36 (KHTML, like Gecko) Chrome/53.0.2785.104 Safari/537.36 Core/1.53.1708.400 QQBrowser/9.5.9635.400"
[2016-11-17 10:59:21.337] [INFO] app - ::1 - - "GET /v1/btn/list?offset=0&limit=20 HTTP/1.1" 200 751 "http://localhost:8080/btn" "Mozilla/5.0 (Windows NT 10.0; WOW64) AppleWebKit/537.36 (KHTML, like Gecko) Chrome/53.0.2785.104 Safari/537.36 Core/1.53.1708.400 QQBrowser/9.5.9635.400"
[2016-11-17 10:59:21.884] [INFO] app - ::1 - - "OPTIONS /v1/menu/list HTTP/1.1" 204 - "http://localhost:8080/menu" "Mozilla/5.0 (Windows NT 10.0; WOW64) AppleWebKit/537.36 (KHTML, like Gecko) Chrome/53.0.2785.104 Safari/537.36 Core/1.53.1708.400 QQBrowser/9.5.9635.400"
[2016-11-17 10:59:21.889] [INFO] app - ::1 - - "OPTIONS /v1/btn/list HTTP/1.1" 204 - "http://localhost:8080/menu" "Mozilla/5.0 (Windows NT 10.0; WOW64) AppleWebKit/537.36 (KHTML, like Gecko) Chrome/53.0.2785.104 Safari/537.36 Core/1.53.1708.400 QQBrowser/9.5.9635.400"
[2016-11-17 10:59:21.990] [INFO] app - ::1 - - "GET /v1/menu/list HTTP/1.1" 200 - "http://localhost:8080/menu" "Mozilla/5.0 (Windows NT 10.0; WOW64) AppleWebKit/537.36 (KHTML, like Gecko) Chrome/53.0.2785.104 Safari/537.36 Core/1.53.1708.400 QQBrowser/9.5.9635.400"
[2016-11-17 10:59:22.002] [INFO] app - ::1 - - "GET /v1/btn/list HTTP/1.1" 200 751 "http://localhost:8080/menu" "Mozilla/5.0 (Windows NT 10.0; WOW64) AppleWebKit/537.36 (KHTML, like Gecko) Chrome/53.0.2785.104 Safari/537.36 Core/1.53.1708.400 QQBrowser/9.5.9635.400"
[2016-11-17 11:01:07.988] [INFO] app - ::1 - - "OPTIONS /v1/public/findUser?id=4 HTTP/1.1" 204 - "http://localhost:8080/menu" "Mozilla/5.0 (Windows NT 10.0; WOW64) AppleWebKit/537.36 (KHTML, like Gecko) Chrome/53.0.2785.104 Safari/537.36 Core/1.53.1708.400 QQBrowser/9.5.9635.400"
[2016-11-17 11:01:08.013] [INFO] app - ::1 - - "GET /v1/public/findUser?id=4 HTTP/1.1" 200 196 "http://localhost:8080/menu" "Mozilla/5.0 (Windows NT 10.0; WOW64) AppleWebKit/537.36 (KHTML, like Gecko) Chrome/53.0.2785.104 Safari/537.36 Core/1.53.1708.400 QQBrowser/9.5.9635.400"
[2016-11-17 11:01:08.782] [INFO] app - ::1 - - "GET /v1/public/findUser?id=4 HTTP/1.1" 200 196 "http://localhost:8080/menu" "Mozilla/5.0 (Windows NT 10.0; WOW64) AppleWebKit/537.36 (KHTML, like Gecko) Chrome/53.0.2785.104 Safari/537.36 Core/1.53.1708.400 QQBrowser/9.5.9635.400"
[2016-11-17 11:01:09.875] [INFO] app - ::1 - - "GET /v1/public/findUser?id=4 HTTP/1.1" 200 196 "http://localhost:8080/menu" "Mozilla/5.0 (Windows NT 10.0; WOW64) AppleWebKit/537.36 (KHTML, like Gecko) Chrome/53.0.2785.104 Safari/537.36 Core/1.53.1708.400 QQBrowser/9.5.9635.400"
[2016-11-17 11:05:12.295] [INFO] app - ::1 - - "OPTIONS /v1/menu/add HTTP/1.1" 204 - "http://localhost:8080/menu" "Mozilla/5.0 (Windows NT 10.0; WOW64) AppleWebKit/537.36 (KHTML, like Gecko) Chrome/53.0.2785.104 Safari/537.36 Core/1.53.1708.400 QQBrowser/9.5.9635.400"
[2016-11-17 11:05:12.358] [INFO] app - ::1 - - "POST /v1/menu/add HTTP/1.1" 200 670 "http://localhost:8080/menu" "Mozilla/5.0 (Windows NT 10.0; WOW64) AppleWebKit/537.36 (KHTML, like Gecko) Chrome/53.0.2785.104 Safari/537.36 Core/1.53.1708.400 QQBrowser/9.5.9635.400"
[2016-11-17 11:05:12.375] [INFO] app - ::1 - - "OPTIONS /v1/menu/list HTTP/1.1" 204 - "http://localhost:8080/menu" "Mozilla/5.0 (Windows NT 10.0; WOW64) AppleWebKit/537.36 (KHTML, like Gecko) Chrome/53.0.2785.104 Safari/537.36 Core/1.53.1708.400 QQBrowser/9.5.9635.400"
[2016-11-17 11:05:12.408] [INFO] app - ::1 - - "GET /v1/menu/list HTTP/1.1" 200 - "http://localhost:8080/menu" "Mozilla/5.0 (Windows NT 10.0; WOW64) AppleWebKit/537.36 (KHTML, like Gecko) Chrome/53.0.2785.104 Safari/537.36 Core/1.53.1708.400 QQBrowser/9.5.9635.400"
[2016-11-17 11:05:15.377] [INFO] app - ::1 - - "OPTIONS /v1/public/findUser?id=11 HTTP/1.1" 204 - "http://localhost:8080/menu" "Mozilla/5.0 (Windows NT 10.0; WOW64) AppleWebKit/537.36 (KHTML, like Gecko) Chrome/53.0.2785.104 Safari/537.36 Core/1.53.1708.400 QQBrowser/9.5.9635.400"
[2016-11-17 11:05:15.407] [INFO] app - ::1 - - "GET /v1/public/findUser?id=11 HTTP/1.1" 200 319 "http://localhost:8080/menu" "Mozilla/5.0 (Windows NT 10.0; WOW64) AppleWebKit/537.36 (KHTML, like Gecko) Chrome/53.0.2785.104 Safari/537.36 Core/1.53.1708.400 QQBrowser/9.5.9635.400"
[2016-11-17 11:05:15.783] [INFO] app - ::1 - - "OPTIONS /v1/public/findUser?id=5 HTTP/1.1" 204 - "http://localhost:8080/menu" "Mozilla/5.0 (Windows NT 10.0; WOW64) AppleWebKit/537.36 (KHTML, like Gecko) Chrome/53.0.2785.104 Safari/537.36 Core/1.53.1708.400 QQBrowser/9.5.9635.400"
[2016-11-17 11:05:15.813] [INFO] app - ::1 - - "GET /v1/public/findUser?id=5 HTTP/1.1" 200 346 "http://localhost:8080/menu" "Mozilla/5.0 (Windows NT 10.0; WOW64) AppleWebKit/537.36 (KHTML, like Gecko) Chrome/53.0.2785.104 Safari/537.36 Core/1.53.1708.400 QQBrowser/9.5.9635.400"
[2016-11-17 11:05:20.544] [INFO] app - ::1 - - "OPTIONS /v1/menu/update HTTP/1.1" 204 - "http://localhost:8080/menu" "Mozilla/5.0 (Windows NT 10.0; WOW64) AppleWebKit/537.36 (KHTML, like Gecko) Chrome/53.0.2785.104 Safari/537.36 Core/1.53.1708.400 QQBrowser/9.5.9635.400"
[2016-11-17 11:05:20.674] [INFO] app - ::1 - - "POST /v1/menu/update HTTP/1.1" 200 182 "http://localhost:8080/menu" "Mozilla/5.0 (Windows NT 10.0; WOW64) AppleWebKit/537.36 (KHTML, like Gecko) Chrome/53.0.2785.104 Safari/537.36 Core/1.53.1708.400 QQBrowser/9.5.9635.400"
[2016-11-17 11:05:20.690] [INFO] app - ::1 - - "OPTIONS /v1/menu/list HTTP/1.1" 204 - "http://localhost:8080/menu" "Mozilla/5.0 (Windows NT 10.0; WOW64) AppleWebKit/537.36 (KHTML, like Gecko) Chrome/53.0.2785.104 Safari/537.36 Core/1.53.1708.400 QQBrowser/9.5.9635.400"
[2016-11-17 11:05:20.721] [INFO] app - ::1 - - "GET /v1/menu/list HTTP/1.1" 200 - "http://localhost:8080/menu" "Mozilla/5.0 (Windows NT 10.0; WOW64) AppleWebKit/537.36 (KHTML, like Gecko) Chrome/53.0.2785.104 Safari/537.36 Core/1.53.1708.400 QQBrowser/9.5.9635.400"
[2016-11-17 11:05:25.194] [INFO] app - ::1 - - "OPTIONS /v1/role/list?offset=0&limit=20 HTTP/1.1" 204 - "http://localhost:8080/role" "Mozilla/5.0 (Windows NT 10.0; WOW64) AppleWebKit/537.36 (KHTML, like Gecko) Chrome/53.0.2785.104 Safari/537.36 Core/1.53.1708.400 QQBrowser/9.5.9635.400"
[2016-11-17 11:05:25.258] [INFO] app - ::1 - - "GET /v1/role/list?offset=0&limit=20 HTTP/1.1" 200 158 "http://localhost:8080/role" "Mozilla/5.0 (Windows NT 10.0; WOW64) AppleWebKit/537.36 (KHTML, like Gecko) Chrome/53.0.2785.104 Safari/537.36 Core/1.53.1708.400 QQBrowser/9.5.9635.400"
[2016-11-17 11:05:27.460] [INFO] app - ::1 - - "OPTIONS /v1/menu/list HTTP/1.1" 204 - "http://localhost:8080/role/1/auth" "Mozilla/5.0 (Windows NT 10.0; WOW64) AppleWebKit/537.36 (KHTML, like Gecko) Chrome/53.0.2785.104 Safari/537.36 Core/1.53.1708.400 QQBrowser/9.5.9635.400"
[2016-11-17 11:05:27.519] [INFO] app - ::1 - - "GET /v1/menu/list HTTP/1.1" 200 - "http://localhost:8080/role/1/auth" "Mozilla/5.0 (Windows NT 10.0; WOW64) AppleWebKit/537.36 (KHTML, like Gecko) Chrome/53.0.2785.104 Safari/537.36 Core/1.53.1708.400 QQBrowser/9.5.9635.400"
[2016-11-17 11:05:29.014] [INFO] app - ::1 - - "OPTIONS /v1/role/auth?menuId=4&roleId=1 HTTP/1.1" 204 - "http://localhost:8080/role/1/auth" "Mozilla/5.0 (Windows NT 10.0; WOW64) AppleWebKit/537.36 (KHTML, like Gecko) Chrome/53.0.2785.104 Safari/537.36 Core/1.53.1708.400 QQBrowser/9.5.9635.400"
[2016-11-17 11:05:29.041] [INFO] app - ::1 - - "GET /v1/role/auth?menuId=4&roleId=1 HTTP/1.1" 200 82 "http://localhost:8080/role/1/auth" "Mozilla/5.0 (Windows NT 10.0; WOW64) AppleWebKit/537.36 (KHTML, like Gecko) Chrome/53.0.2785.104 Safari/537.36 Core/1.53.1708.400 QQBrowser/9.5.9635.400"
[2016-11-17 11:05:29.844] [INFO] app - ::1 - - "OPTIONS /v1/role/auth?menuId=11&roleId=1 HTTP/1.1" 204 - "http://localhost:8080/role/1/auth" "Mozilla/5.0 (Windows NT 10.0; WOW64) AppleWebKit/537.36 (KHTML, like Gecko) Chrome/53.0.2785.104 Safari/537.36 Core/1.53.1708.400 QQBrowser/9.5.9635.400"
[2016-11-17 11:05:29.870] [INFO] app - ::1 - - "GET /v1/role/auth?menuId=11&roleId=1 HTTP/1.1" 200 285 "http://localhost:8080/role/1/auth" "Mozilla/5.0 (Windows NT 10.0; WOW64) AppleWebKit/537.36 (KHTML, like Gecko) Chrome/53.0.2785.104 Safari/537.36 Core/1.53.1708.400 QQBrowser/9.5.9635.400"
[2016-11-17 11:05:32.826] [INFO] app - ::1 - - "OPTIONS /v1/role/auth HTTP/1.1" 204 - "http://localhost:8080/role/1/auth" "Mozilla/5.0 (Windows NT 10.0; WOW64) AppleWebKit/537.36 (KHTML, like Gecko) Chrome/53.0.2785.104 Safari/537.36 Core/1.53.1708.400 QQBrowser/9.5.9635.400"
[2016-11-17 11:05:33.547] [INFO] app - ::1 - - "POST /v1/role/auth HTTP/1.1" 200 517 "http://localhost:8080/role/1/auth" "Mozilla/5.0 (Windows NT 10.0; WOW64) AppleWebKit/537.36 (KHTML, like Gecko) Chrome/53.0.2785.104 Safari/537.36 Core/1.53.1708.400 QQBrowser/9.5.9635.400"
[2016-11-17 11:15:11.914] [INFO] app - ::1 - - "OPTIONS /v1/company/list?offset=0&limit=20 HTTP/1.1" 204 - "http://localhost:8080/company" "Mozilla/5.0 (Windows NT 10.0; WOW64) AppleWebKit/537.36 (KHTML, like Gecko) Chrome/53.0.2785.104 Safari/537.36 Core/1.53.1708.400 QQBrowser/9.5.9635.400"
[2016-11-17 11:15:11.984] [INFO] app - ::1 - - "GET /v1/company/list?offset=0&limit=20 HTTP/1.1" 200 162 "http://localhost:8080/company" "Mozilla/5.0 (Windows NT 10.0; WOW64) AppleWebKit/537.36 (KHTML, like Gecko) Chrome/53.0.2785.104 Safari/537.36 Core/1.53.1708.400 QQBrowser/9.5.9635.400"
[2016-11-17 11:15:13.402] [INFO] app - ::1 - - "OPTIONS /v1/public/findDepartment HTTP/1.1" 204 - "http://localhost:8080/company/departmentList" "Mozilla/5.0 (Windows NT 10.0; WOW64) AppleWebKit/537.36 (KHTML, like Gecko) Chrome/53.0.2785.104 Safari/537.36 Core/1.53.1708.400 QQBrowser/9.5.9635.400"
[2016-11-17 11:15:13.476] [INFO] app - ::1 - - "GET /v1/public/findDepartment HTTP/1.1" 200 411 "http://localhost:8080/company/departmentList" "Mozilla/5.0 (Windows NT 10.0; WOW64) AppleWebKit/537.36 (KHTML, like Gecko) Chrome/53.0.2785.104 Safari/537.36 Core/1.53.1708.400 QQBrowser/9.5.9635.400"
[2016-11-17 11:15:15.578] [INFO] app - ::1 - - "OPTIONS /v1/public/findDepartmentById?id=2 HTTP/1.1" 204 - "http://localhost:8080/company/departmentList" "Mozilla/5.0 (Windows NT 10.0; WOW64) AppleWebKit/537.36 (KHTML, like Gecko) Chrome/53.0.2785.104 Safari/537.36 Core/1.53.1708.400 QQBrowser/9.5.9635.400"
[2016-11-17 11:15:15.601] [INFO] app - ::1 - - "GET /v1/public/findDepartmentById?id=2 HTTP/1.1" 200 226 "http://localhost:8080/company/departmentList" "Mozilla/5.0 (Windows NT 10.0; WOW64) AppleWebKit/537.36 (KHTML, like Gecko) Chrome/53.0.2785.104 Safari/537.36 Core/1.53.1708.400 QQBrowser/9.5.9635.400"
